<?xml version="1.0" encoding="UTF-8"?>
<testng-results skipped="0" failed="0" ignored="0" total="1" passed="1">
  <reporter-output>
  </reporter-output>
  <suite name="Suite" duration-ms="29424" started-at="2022-08-10T13:45:06Z" finished-at="2022-08-10T13:45:35Z">
    <groups>
    </groups>
    <test name="Test" duration-ms="29424" started-at="2022-08-10T13:45:06Z" finished-at="2022-08-10T13:45:35Z">
      <class name="PMN.Abc">
        <test-method status="PASS" signature="amazon()[pri:0, instance:PMN.Abc@49b0b76]" name="amazon" duration-ms="29386" started-at="2022-08-10T13:45:06Z" finished-at="2022-08-10T13:45:35Z">
          <reporter-output>
          </reporter-output>
        </test-method> <!-- amazon -->
      </class> <!-- PMN.Abc -->
    </test> <!-- Test -->
  </suite> <!-- Suite -->
</testng-results>
